TN:
SF:src\App.tsx
FN:7,(anonymous_0)
FN:7,(anonymous_1)
FN:8,(anonymous_2)
FN:8,(anonymous_3)
FN:9,(anonymous_4)
FN:9,(anonymous_5)
FN:10,(anonymous_6)
FN:10,(anonymous_7)
FN:11,(anonymous_8)
FN:11,(anonymous_9)
FN:12,(anonymous_10)
FN:12,(anonymous_11)
FN:13,(anonymous_12)
FN:13,(anonymous_13)
FN:14,(anonymous_14)
FN:14,(anonymous_15)
FN:22,App
FNF:17
FNH:0
FNDA:0,(anonymous_0)
FNDA:0,(anonymous_1)
FNDA:0,(anonymous_2)
FNDA:0,(anonymous_3)
FNDA:0,(anonymous_4)
FNDA:0,(anonymous_5)
FNDA:0,(anonymous_6)
FNDA:0,(anonymous_7)
FNDA:0,(anonymous_8)
FNDA:0,(anonymous_9)
FNDA:0,(anonymous_10)
FNDA:0,(anonymous_11)
FNDA:0,(anonymous_12)
FNDA:0,(anonymous_13)
FNDA:0,(anonymous_14)
FNDA:0,(anonymous_15)
FNDA:0,App
DA:7,0
DA:8,0
DA:9,0
DA:10,0
DA:11,0
DA:12,0
DA:13,0
DA:14,0
DA:17,0
DA:23,0
LF:10
LH:0
BRF:0
BRH:0
end_of_record
TN:
SF:src\api\authApi.ts
FN:5,(anonymous_0)
FN:8,(anonymous_1)
FN:11,(anonymous_2)
FN:14,(anonymous_3)
FNF:4
FNH:4
FNDA:1,(anonymous_0)
FNDA:1,(anonymous_1)
FNDA:1,(anonymous_2)
FNDA:3,(anonymous_3)
DA:4,2
DA:6,1
DA:9,1
DA:12,1
DA:15,3
LF:5
LH:5
BRF:0
BRH:0
end_of_record
TN:
SF:src\api\client.ts
FN:11,(anonymous_0)
FN:12,(anonymous_1)
FNF:2
FNH:2
FNDA:1,(anonymous_0)
FNDA:8,(anonymous_1)
DA:3,2
DA:11,2
DA:12,1
DA:16,8
DA:18,8
DA:19,8
DA:20,2
DA:21,2
DA:23,8
LF:9
LH:9
BRDA:16,0,0,8
BRDA:16,0,1,5
BRDA:19,1,0,2
BRDA:19,1,1,6
BRDA:19,2,0,8
BRDA:19,2,1,5
BRDA:19,2,2,3
BRF:7
BRH:7
end_of_record
TN:
SF:src\api\clientApi.ts
FN:11,(anonymous_0)
FN:14,(anonymous_1)
FN:17,(anonymous_2)
FN:20,(anonymous_3)
FN:23,(anonymous_4)
FNF:5
FNH:5
FNDA:1,(anonymous_0)
FNDA:1,(anonymous_1)
FNDA:1,(anonymous_2)
FNDA:1,(anonymous_3)
FNDA:1,(anonymous_4)
DA:10,1
DA:12,1
DA:15,1
DA:18,1
DA:21,1
DA:24,1
LF:6
LH:6
BRF:0
BRH:0
end_of_record
TN:
SF:src\api\userApi.ts
FN:14,(anonymous_0)
FN:17,(anonymous_1)
FN:20,(anonymous_2)
FNF:3
FNH:3
FNDA:1,(anonymous_0)
FNDA:1,(anonymous_1)
FNDA:1,(anonymous_2)
DA:13,1
DA:15,1
DA:18,1
DA:21,1
LF:4
LH:4
BRF:0
BRH:0
end_of_record
TN:
SF:src\auth\AuthContext.tsx
FNF:0
FNH:0
DA:11,12
LF:1
LH:1
BRF:0
BRH:0
end_of_record
TN:
SF:src\auth\AuthProvider.tsx
FN:10,AuthProvider
FN:15,(anonymous_1)
FN:15,(anonymous_2)
FN:20,(anonymous_3)
FNF:4
FNH:4
FNDA:104,AuthProvider
FNDA:6,(anonymous_1)
FNDA:1,(anonymous_2)
FNDA:1,(anonymous_3)
DA:11,104
DA:13,104
DA:15,6
DA:20,104
DA:21,1
DA:22,1
DA:23,1
DA:26,104
LF:8
LH:8
BRDA:13,0,0,104
BRF:1
BRH:1
end_of_record
TN:
SF:src\auth\ProtectedRoute.tsx
FN:9,ProtectedRoute
FNF:1
FNH:1
FNDA:3,ProtectedRoute
DA:10,3
DA:11,3
DA:13,3
DA:14,1
DA:21,2
DA:22,1
DA:25,1
LF:7
LH:7
BRDA:13,0,0,1
BRDA:13,0,1,2
BRDA:21,1,0,1
BRDA:21,1,1,1
BRF:4
BRH:4
end_of_record
TN:
SF:src\auth\useAuth.ts
FN:4,useAuth
FNF:1
FNH:1
FNDA:57,useAuth
DA:5,57
DA:6,57
DA:7,2
DA:9,55
LF:4
LH:4
BRDA:6,0,0,2
BRDA:6,0,1,55
BRF:2
BRH:2
end_of_record
TN:
SF:src\components\AppLayout.tsx
FN:5,ContentLoader
FN:13,AppLayout
FN:26,(anonymous_2)
FN:40,(anonymous_3)
FN:54,(anonymous_4)
FNF:5
FNH:4
FNDA:0,ContentLoader
FNDA:4,AppLayout
FNDA:4,(anonymous_2)
FNDA:4,(anonymous_3)
FNDA:4,(anonymous_4)
DA:6,0
DA:14,4
DA:16,4
DA:27,4
DA:41,4
DA:55,4
LF:6
LH:5
BRDA:28,0,0,4
BRDA:28,0,1,0
BRDA:42,1,0,0
BRDA:42,1,1,4
BRDA:56,2,0,0
BRDA:56,2,1,4
BRF:6
BRH:3
end_of_record
TN:
SF:src\components\PublicLayout.tsx
FN:3,PublicLayout
FNF:1
FNH:1
FNDA:2,PublicLayout
DA:4,2
LF:1
LH:1
BRF:0
BRH:0
end_of_record
TN:
SF:src\pages\ClientCreatePage.tsx
FN:24,SecretModal
FN:33,(anonymous_1)
FN:36,(anonymous_2)
FN:55,(anonymous_3)
FN:69,(anonymous_4)
FN:90,ClientCreatePage
FN:117,(anonymous_6)
FN:121,(anonymous_7)
FN:124,(anonymous_8)
FN:128,(anonymous_9)
FN:136,(anonymous_10)
FN:138,(anonymous_11)
FN:143,(anonymous_12)
FN:157,(anonymous_13)
FN:180,(anonymous_14)
FN:208,(anonymous_15)
FN:219,(anonymous_16)
FN:234,(anonymous_17)
FN:242,(anonymous_18)
FN:253,(anonymous_19)
FN:258,(anonymous_20)
FN:286,(anonymous_21)
FNF:22
FNH:21
FNDA:7,SecretModal
FNDA:2,(anonymous_1)
FNDA:0,(anonymous_2)
FNDA:1,(anonymous_3)
FNDA:1,(anonymous_4)
FNDA:76,ClientCreatePage
FNDA:9,(anonymous_6)
FNDA:9,(anonymous_7)
FNDA:5,(anonymous_8)
FNDA:3,(anonymous_9)
FNDA:3,(anonymous_10)
FNDA:2,(anonymous_11)
FNDA:1,(anonymous_12)
FNDA:9,(anonymous_13)
FNDA:152,(anonymous_14)
FNDA:78,(anonymous_15)
FNDA:1,(anonymous_16)
FNDA:2,(anonymous_17)
FNDA:2,(anonymous_18)
FNDA:304,(anonymous_19)
FNDA:3,(anonymous_20)
FNDA:1,(anonymous_21)
DA:11,1
DA:13,1
DA:31,7
DA:33,7
DA:34,2
DA:35,2
DA:36,2
DA:39,7
DA:55,1
DA:69,1
DA:91,76
DA:92,76
DA:93,76
DA:102,76
DA:113,76
DA:114,76
DA:116,76
DA:118,9
DA:121,9
DA:125,5
DA:126,5
DA:129,3
DA:132,3
DA:136,76
DA:137,3
DA:138,2
DA:140,3
DA:143,76
DA:144,1
DA:147,76
DA:157,9
DA:181,152
DA:209,78
DA:219,1
DA:235,2
DA:242,2
DA:254,304
DA:258,3
DA:286,1
LF:39
LH:39
BRDA:44,0,0,3
BRDA:44,0,1,4
BRDA:58,1,0,1
BRDA:58,1,1,6
BRDA:63,2,0,7
BRDA:63,2,1,3
BRDA:72,3,0,1
BRDA:72,3,1,2
BRDA:129,4,0,2
BRDA:129,4,1,1
BRDA:130,5,0,2
BRDA:130,5,1,1
BRDA:137,6,0,2
BRDA:137,6,1,1
BRDA:149,7,0,76
BRDA:149,7,1,10
BRDA:171,8,0,76
BRDA:171,8,1,1
BRDA:191,9,0,76
BRDA:191,9,1,76
BRDA:199,10,0,76
BRDA:199,10,1,0
BRDA:216,11,0,78
BRDA:216,11,1,4
BRDA:230,12,0,76
BRDA:230,12,1,2
BRDA:230,12,2,0
BRDA:233,13,0,76
BRDA:233,13,1,2
BRDA:235,14,0,2
BRDA:235,14,1,0
BRDA:265,15,0,76
BRDA:265,15,1,3
BRDA:270,16,0,76
BRDA:270,16,1,6
BRDA:282,17,0,2
BRDA:282,17,1,74
BRF:37
BRH:34
end_of_record
TN:
SF:src\pages\ClientDetailPage.tsx
FN:22,DeleteConfirmModal
FN:62,ClientDetailPage
FN:70,(anonymous_2)
FN:70,(anonymous_3)
FN:88,(anonymous_4)
FN:98,(anonymous_5)
FN:101,(anonymous_6)
FN:104,(anonymous_7)
FN:109,(anonymous_8)
FN:118,(anonymous_9)
FN:119,(anonymous_10)
FN:125,(anonymous_11)
FN:127,(anonymous_12)
FN:135,(anonymous_13)
FN:155,(anonymous_14)
FN:156,(anonymous_15)
FN:167,(anonymous_16)
FN:212,(anonymous_17)
FN:222,(anonymous_18)
FN:237,(anonymous_19)
FN:245,(anonymous_20)
FN:256,(anonymous_21)
FN:261,(anonymous_22)
FN:295,(anonymous_23)
FN:312,(anonymous_24)
FNF:25
FNH:24
FNDA:5,DeleteConfirmModal
FNDA:123,ClientDetailPage
FNDA:27,(anonymous_2)
FNDA:22,(anonymous_3)
FNDA:74,(anonymous_4)
FNDA:5,(anonymous_5)
FNDA:5,(anonymous_6)
FNDA:1,(anonymous_7)
FNDA:3,(anonymous_8)
FNDA:2,(anonymous_9)
FNDA:1,(anonymous_10)
FNDA:2,(anonymous_11)
FNDA:2,(anonymous_12)
FNDA:144,(anonymous_13)
FNDA:2,(anonymous_14)
FNDA:1,(anonymous_15)
FNDA:5,(anonymous_16)
FNDA:54,(anonymous_17)
FNDA:1,(anonymous_18)
FNDA:0,(anonymous_19)
FNDA:2,(anonymous_20)
FNDA:296,(anonymous_21)
FNDA:2,(anonymous_22)
FNDA:1,(anonymous_23)
FNDA:4,(anonymous_24)
DA:10,1
DA:12,1
DA:33,5
DA:63,123
DA:64,123
DA:65,123
DA:66,123
DA:68,123
DA:70,27
DA:82,123
DA:88,74
DA:94,123
DA:95,123
DA:97,123
DA:99,5
DA:101,5
DA:105,1
DA:106,1
DA:107,1
DA:110,3
DA:113,3
DA:117,123
DA:118,2
DA:120,1
DA:121,1
DA:125,123
DA:126,2
DA:127,2
DA:129,2
DA:132,123
DA:133,48
DA:136,144
DA:142,75
DA:143,1
DA:150,74
DA:155,2
DA:156,1
DA:167,5
DA:213,54
DA:222,1
DA:238,0
DA:245,2
DA:257,296
DA:261,2
DA:295,1
DA:312,4
LF:46
LH:45
BRDA:47,0,0,1
BRDA:47,0,1,4
BRDA:85,1,0,74
BRDA:85,1,1,49
BRDA:95,2,0,123
BRDA:95,2,1,71
BRDA:110,3,0,2
BRDA:110,3,1,1
BRDA:111,4,0,2
BRDA:111,4,1,1
BRDA:126,5,0,1
BRDA:126,5,1,1
BRDA:132,6,0,48
BRDA:132,6,1,75
BRDA:142,7,0,1
BRDA:142,7,1,74
BRDA:142,8,0,75
BRDA:142,8,1,74
BRDA:152,9,0,74
BRDA:152,9,1,5
BRDA:180,10,0,72
BRDA:180,10,1,2
BRDA:182,11,0,72
BRDA:182,11,1,2
BRDA:202,12,0,123
BRDA:202,12,1,0
BRDA:219,13,0,54
BRDA:219,13,1,4
BRDA:233,14,0,123
BRDA:233,14,1,0
BRDA:233,14,2,0
BRDA:236,15,0,123
BRDA:236,15,1,0
BRDA:238,16,0,0
BRDA:238,16,1,0
BRDA:268,17,0,123
BRDA:268,17,1,0
BRDA:273,18,0,123
BRDA:273,18,1,6
BRDA:279,19,0,123
BRDA:279,19,1,2
BRDA:288,20,0,123
BRDA:288,20,1,72
BRDA:291,21,0,2
BRDA:291,21,1,72
BRDA:296,22,0,123
BRDA:296,22,1,22
BRF:47
BRH:40
end_of_record
TN:
SF:src\pages\ClientsPage.tsx
FN:5,ClientsPage
FN:8,(anonymous_1)
FN:8,(anonymous_2)
FN:28,(anonymous_3)
FN:56,(anonymous_4)
FNF:5
FNH:5
FNDA:8,ClientsPage
FNDA:5,(anonymous_1)
FNDA:4,(anonymous_2)
FNDA:15,(anonymous_3)
FNDA:3,(anonymous_4)
DA:6,8
DA:8,5
DA:11,8
DA:29,15
DA:57,3
LF:5
LH:5
BRDA:6,0,0,8
BRDA:26,1,0,5
BRDA:26,1,1,3
BRDA:32,2,0,1
BRDA:32,2,1,2
BRDA:63,3,0,3
BRDA:63,3,1,0
BRDA:67,4,0,3
BRDA:67,4,1,0
BRF:9
BRH:7
end_of_record
TN:
SF:src\pages\ConsentPage.tsx
FN:23,ConsentPage
FN:60,(anonymous_1)
FN:94,(anonymous_2)
FN:123,(anonymous_3)
FNF:4
FNH:4
FNDA:7,ConsentPage
FNDA:1,(anonymous_1)
FNDA:10,(anonymous_2)
FNDA:10,(anonymous_3)
DA:4,1
DA:24,7
DA:25,7
DA:27,7
DA:28,7
DA:29,7
DA:30,7
DA:31,7
DA:32,7
DA:33,7
DA:35,7
DA:37,7
DA:38,0
DA:45,7
DA:46,1
DA:47,1
DA:50,6
DA:51,1
DA:60,5
DA:61,1
DA:62,1
DA:63,1
DA:64,1
DA:65,1
DA:68,5
DA:95,10
DA:96,10
DA:124,10
LF:28
LH:27
BRDA:27,0,0,7
BRDA:27,0,1,0
BRDA:28,1,0,7
BRDA:28,1,1,1
BRDA:29,2,0,7
BRDA:29,2,1,1
BRDA:30,3,0,7
BRDA:30,3,1,1
BRDA:31,4,0,7
BRDA:31,4,1,1
BRDA:32,5,0,7
BRDA:32,5,1,1
BRDA:33,6,0,7
BRDA:33,6,1,7
BRDA:37,7,0,0
BRDA:37,7,1,7
BRDA:45,8,0,1
BRDA:45,8,1,6
BRDA:50,9,0,1
BRDA:50,9,1,5
BRDA:50,10,0,6
BRDA:50,10,1,6
BRDA:50,10,2,5
BRDA:50,10,3,5
BRDA:50,10,4,5
BRDA:50,10,5,5
BRDA:103,11,0,10
BRDA:103,11,1,0
BRDA:105,12,0,10
BRDA:105,12,1,10
BRDA:117,13,0,5
BRDA:117,13,1,0
BRDA:130,14,0,7
BRDA:130,14,1,0
BRF:34
BRH:29
end_of_record
TN:
SF:src\pages\DashboardPage.tsx
FN:6,StatCard
FN:27,DashboardPage
FN:32,(anonymous_2)
FN:32,(anonymous_3)
FNF:4
FNH:4
FNDA:14,StatCard
FNDA:7,DashboardPage
FNDA:6,(anonymous_2)
FNDA:1,(anonymous_3)
DA:15,14
DA:28,7
DA:30,7
DA:32,6
DA:35,7
LF:5
LH:5
BRDA:18,0,0,6
BRDA:18,0,1,8
BRDA:47,1,0,7
BRDA:47,1,1,6
BRDA:52,2,0,7
BRDA:52,2,1,0
BRF:6
BRH:5
end_of_record
TN:
SF:src\pages\LoginPage.tsx
FN:16,LoginPage
FN:29,(anonymous_1)
FNF:2
FNH:2
FNDA:28,LoginPage
FNDA:4,(anonymous_1)
DA:9,1
DA:17,28
DA:18,28
DA:19,28
DA:20,28
DA:26,28
DA:29,28
DA:30,4
DA:31,4
DA:32,2
DA:33,1
DA:35,2
DA:39,2
DA:43,28
DA:45,28
LF:15
LH:15
BRDA:20,0,0,28
BRDA:20,0,1,28
BRDA:35,1,0,1
BRDA:35,1,1,1
BRDA:35,2,0,2
BRDA:35,2,1,1
BRDA:49,3,0,28
BRDA:49,3,1,2
BRDA:67,4,0,28
BRDA:67,4,1,2
BRDA:83,5,0,28
BRDA:83,5,1,2
BRDA:88,6,0,28
BRDA:88,6,1,2
BRDA:99,7,0,7
BRDA:99,7,1,21
BRF:16
BRH:16
end_of_record
TN:
SF:src\pages\ProfilePage.tsx
FN:22,(anonymous_0)
FN:30,Field
FN:45,ProfilePage
FN:59,(anonymous_3)
FN:60,(anonymous_4)
FN:64,(anonymous_5)
FN:73,(anonymous_6)
FN:78,(anonymous_7)
FN:81,(anonymous_8)
FN:117,(anonymous_9)
FN:163,(anonymous_10)
FNF:11
FNH:10
FNDA:4,(anonymous_0)
FNDA:60,Field
FNDA:34,ProfilePage
FNDA:1,(anonymous_3)
FNDA:1,(anonymous_4)
FNDA:0,(anonymous_5)
FNDA:3,(anonymous_6)
FNDA:1,(anonymous_7)
FNDA:2,(anonymous_8)
FNDA:1,(anonymous_9)
FNDA:3,(anonymous_10)
DA:9,1
DA:16,1
DA:22,4
DA:37,60
DA:46,34
DA:47,34
DA:49,34
DA:54,34
DA:58,34
DA:59,1
DA:61,1
DA:62,1
DA:65,0
DA:68,0
DA:72,34
DA:74,3
DA:79,1
DA:82,2
DA:83,1
DA:84,1
DA:86,1
DA:90,34
DA:117,1
DA:163,3
LF:24
LH:22
BRDA:51,0,0,34
BRDA:51,0,1,0
BRDA:65,1,0,0
BRDA:65,1,1,0
BRDA:66,2,0,0
BRDA:66,2,1,0
BRDA:82,3,0,1
BRDA:82,3,1,1
BRDA:82,4,0,2
BRDA:82,4,1,1
BRDA:98,5,0,34
BRDA:98,5,1,0
BRDA:99,6,0,34
BRDA:99,6,1,0
BRDA:103,7,0,32
BRDA:103,7,1,2
BRDA:107,8,0,32
BRDA:107,8,1,2
BRDA:128,9,0,34
BRDA:128,9,1,1
BRDA:135,10,0,34
BRDA:135,10,1,0
BRDA:141,11,0,34
BRDA:141,11,1,2
BRDA:150,12,0,34
BRDA:150,12,1,34
BRDA:153,13,0,0
BRDA:153,13,1,34
BRDA:178,14,0,34
BRDA:178,14,1,2
BRDA:196,15,0,34
BRDA:196,15,1,0
BRDA:214,16,0,34
BRDA:214,16,1,1
BRDA:221,17,0,34
BRDA:221,17,1,2
BRDA:227,18,0,34
BRDA:227,18,1,2
BRDA:239,19,0,0
BRDA:239,19,1,34
BRF:40
BRH:29
end_of_record
TN:
SF:src\pages\RegisterPage.tsx
FN:23,(anonymous_0)
FN:30,RegisterPage
FN:40,(anonymous_2)
FNF:3
FNH:3
FNDA:9,(anonymous_0)
FNDA:38,RegisterPage
FNDA:5,(anonymous_2)
DA:8,1
DA:23,9
DA:31,38
DA:37,38
DA:40,38
DA:41,5
DA:42,5
DA:48,2
DA:50,3
DA:51,2
DA:52,1
DA:53,1
DA:55,1
DA:56,1
DA:57,1
DA:58,1
DA:59,1
DA:63,1
DA:67,38
LF:19
LH:19
BRDA:50,0,0,2
BRDA:50,0,1,1
BRDA:51,1,0,1
BRDA:51,1,1,1
BRDA:55,2,0,1
BRDA:55,2,1,0
BRDA:57,3,0,1
BRDA:57,3,1,0
BRDA:83,4,0,38
BRDA:83,4,1,4
BRDA:99,5,0,38
BRDA:99,5,1,4
BRDA:115,6,0,38
BRDA:115,6,1,3
BRDA:131,7,0,38
BRDA:131,7,1,3
BRDA:147,8,0,38
BRDA:147,8,1,4
BRDA:152,9,0,38
BRDA:152,9,1,1
BRDA:163,10,0,9
BRDA:163,10,1,29
BRF:22
BRH:20
end_of_record
